[debug] [2021-07-25T12:57:53.034Z] ----------------------------------------------------------------------
[debug] [2021-07-25T12:57:53.036Z] Command:       C:\Program Files\nodejs\node.exe C:\Users\azsyfryd\AppData\Roaming\npm\node_modules\firebase-tools\lib\bin\firebase.js init
[debug] [2021-07-25T12:57:53.037Z] CLI Version:   9.16.0
[debug] [2021-07-25T12:57:53.037Z] Platform:      win32
[debug] [2021-07-25T12:57:53.037Z] Node Version:  v12.16.2
[debug] [2021-07-25T12:57:53.038Z] Time:          Sun Jul 25 2021 19:57:53 GMT+0700 (Indochina Time)
[debug] [2021-07-25T12:57:53.038Z] ----------------------------------------------------------------------
[debug] 
[debug] [2021-07-25T12:57:53.087Z] > command requires scopes: ["email","openid","https://www.googleapis.com/auth/cloudplatformprojects.readonly","https://www.googleapis.com/auth/firebase","https://www.googleapis.com/auth/cloud-platform"]
[debug] [2021-07-25T12:57:53.087Z] > authorizing via signed-in user (dzulqarnain78@gmail.com)
[info] 
     ######## #### ########  ######## ########     ###     ######  ########
     ##        ##  ##     ## ##       ##     ##  ##   ##  ##       ##
     ######    ##  ########  ######   ########  #########  ######  ######
     ##        ##  ##    ##  ##       ##     ## ##     ##       ## ##
     ##       #### ##     ## ######## ########  ##     ##  ######  ########

You're about to initialize a Firebase project in this directory:

  C:\Users\azsyfryd\Desktop\measurementchart\datapengukuran

Before we get started, keep in mind:

  * You are initializing within an existing Firebase project directory

[debug] [2021-07-25T13:03:03.603Z] ----------------------------------------------------------------------
[debug] [2021-07-25T13:03:03.604Z] Command:       C:\Program Files\nodejs\node.exe C:\Users\azsyfryd\AppData\Roaming\npm\node_modules\firebase-tools\lib\bin\firebase.js init
[debug] [2021-07-25T13:03:03.605Z] CLI Version:   9.16.0
[debug] [2021-07-25T13:03:03.605Z] Platform:      win32
[debug] [2021-07-25T13:03:03.605Z] Node Version:  v12.16.2
[debug] [2021-07-25T13:03:03.605Z] Time:          Sun Jul 25 2021 20:03:03 GMT+0700 (Indochina Time)
[debug] [2021-07-25T13:03:03.606Z] ----------------------------------------------------------------------
[debug] 
[debug] [2021-07-25T13:03:03.661Z] > command requires scopes: ["email","openid","https://www.googleapis.com/auth/cloudplatformprojects.readonly","https://www.googleapis.com/auth/firebase","https://www.googleapis.com/auth/cloud-platform"]
[debug] [2021-07-25T13:03:03.661Z] > authorizing via signed-in user (dzulqarnain78@gmail.com)
[info] 
     ######## #### ########  ######## ########     ###     ######  ########
     ##        ##  ##     ## ##       ##     ##  ##   ##  ##       ##
     ######    ##  ########  ######   ########  #########  ######  ######
     ##        ##  ##    ##  ##       ##     ## ##     ##       ## ##
     ##       #### ##     ## ######## ########  ##     ##  ######  ########

You're about to initialize a Firebase project in this directory:

  C:\Users\azsyfryd\Desktop\measurementchart\datapengukuran

Before we get started, keep in mind:

  * You are initializing within an existing Firebase project directory

